
*** Running vivado
    with args -log top.vds -m64 -product Vivado -mode batch -messageDb vivado.pb -notrace -source top.tcl



****** Vivado v2020.2 (64-bit)
  **** SW Build 3064766 on Wed Nov 18 09:12:45 MST 2020
  **** IP Build 3064653 on Wed Nov 18 14:17:31 MST 2020
    ** Copyright 1986-2020 Xilinx, Inc. All Rights Reserved.

source top.tcl -notrace
Command: synth_design -top top -part xc7a50ticsg324-1L
Starting synth_design
Attempting to get a license for feature 'Synthesis' and/or device 'xc7a50ti'
INFO: [Common 17-349] Got license for feature 'Synthesis' and/or device 'xc7a50ti'
INFO: [Device 21-403] Loading part xc7a50ticsg324-1L
INFO: [Synth 8-7079] Multithreading enabled for synth_design using a maximum of 2 processes.
INFO: [Synth 8-7078] Launching helper process for spawning children vivado processes
INFO: [Synth 8-7075] Helper process launched with PID 13264
---------------------------------------------------------------------------------
Starting RTL Elaboration : Time (s): cpu = 00:00:04 ; elapsed = 00:00:04 . Memory (MB): peak = 1000.059 ; gain = 0.000
---------------------------------------------------------------------------------
INFO: [Synth 8-638] synthesizing module 'top' [C:/Users/240654/Documents/h/morse-coder-decoder/proj/top.vhd:46]
INFO: [Synth 8-638] synthesizing module 'clock_divider' [C:/Users/240654/Documents/h/morse-coder-decoder/proj/clock_divider.vhd:41]
	Parameter g_length bound to: 500000 - type: integer 
INFO: [Synth 8-256] done synthesizing module 'clock_divider' (1#1) [C:/Users/240654/Documents/h/morse-coder-decoder/proj/clock_divider.vhd:41]
INFO: [Synth 8-638] synthesizing module 'debouncer' [C:/Users/240654/Documents/h/morse-coder-decoder/proj/debouncer.vhd:17]
	Parameter g_debounce bound to: 300000 - type: integer 
INFO: [Synth 8-256] done synthesizing module 'debouncer' (2#1) [C:/Users/240654/Documents/h/morse-coder-decoder/proj/debouncer.vhd:17]
INFO: [Synth 8-638] synthesizing module 'shifter' [C:/Users/240654/Documents/h/morse-coder-decoder/proj/shifter.vhd:15]
INFO: [Synth 8-256] done synthesizing module 'shifter' (3#1) [C:/Users/240654/Documents/h/morse-coder-decoder/proj/shifter.vhd:15]
INFO: [Synth 8-638] synthesizing module 'button_driver' [C:/Users/240654/Documents/h/morse-coder-decoder/proj/button_driver.vhd:19]
INFO: [Synth 8-256] done synthesizing module 'button_driver' (4#1) [C:/Users/240654/Documents/h/morse-coder-decoder/proj/button_driver.vhd:19]
INFO: [Synth 8-638] synthesizing module 'mux_21bit_2to1' [C:/Users/240654/Documents/h/morse-coder-decoder/proj/mux_21bit_2to1.vhd:42]
INFO: [Synth 8-256] done synthesizing module 'mux_21bit_2to1' (5#1) [C:/Users/240654/Documents/h/morse-coder-decoder/proj/mux_21bit_2to1.vhd:42]
INFO: [Synth 8-638] synthesizing module 'mux_driver' [C:/Users/240654/Documents/h/morse-coder-decoder/proj/mux_driver.vhd:21]
INFO: [Synth 8-256] done synthesizing module 'mux_driver' (6#1) [C:/Users/240654/Documents/h/morse-coder-decoder/proj/mux_driver.vhd:21]
INFO: [Synth 8-638] synthesizing module 'driver_7seg_8digits' [C:/Users/240654/Documents/h/morse-coder-decoder/proj/driver_7seg_8digits.vhd:45]
	Parameter g_max bound to: 200000 - type: integer 
INFO: [Synth 8-638] synthesizing module 'clock_enable' [C:/Users/240654/Documents/h/morse-coder-decoder/proj/clock_enable.vhd:27]
	Parameter g_max bound to: 200000 - type: integer 
INFO: [Synth 8-256] done synthesizing module 'clock_enable' (7#1) [C:/Users/240654/Documents/h/morse-coder-decoder/proj/clock_enable.vhd:27]
INFO: [Synth 8-638] synthesizing module 'cnt_up_down' [C:/Users/240654/Documents/h/morse-coder-decoder/proj/cnt_up_down.vhd:27]
	Parameter g_cnt_width bound to: 3 - type: integer 
INFO: [Synth 8-256] done synthesizing module 'cnt_up_down' (8#1) [C:/Users/240654/Documents/h/morse-coder-decoder/proj/cnt_up_down.vhd:27]
INFO: [Synth 8-638] synthesizing module 'hex_7seg' [C:/Users/240654/Documents/h/morse-coder-decoder/proj/seg_driver_hex.vhd:40]
INFO: [Synth 8-256] done synthesizing module 'hex_7seg' (9#1) [C:/Users/240654/Documents/h/morse-coder-decoder/proj/seg_driver_hex.vhd:40]
INFO: [Synth 8-256] done synthesizing module 'driver_7seg_8digits' (10#1) [C:/Users/240654/Documents/h/morse-coder-decoder/proj/driver_7seg_8digits.vhd:45]
INFO: [Synth 8-638] synthesizing module 'signal_sender' [C:/Users/240654/Documents/h/morse-coder-decoder/proj/signal_sender.vhd:25]
INFO: [Synth 8-256] done synthesizing module 'signal_sender' (11#1) [C:/Users/240654/Documents/h/morse-coder-decoder/proj/signal_sender.vhd:25]
INFO: [Synth 8-256] done synthesizing module 'top' (12#1) [C:/Users/240654/Documents/h/morse-coder-decoder/proj/top.vhd:46]
---------------------------------------------------------------------------------
Finished RTL Elaboration : Time (s): cpu = 00:00:06 ; elapsed = 00:00:06 . Memory (MB): peak = 1000.059 ; gain = 0.000
---------------------------------------------------------------------------------
---------------------------------------------------------------------------------
Start Handling Custom Attributes
---------------------------------------------------------------------------------
---------------------------------------------------------------------------------
Finished Handling Custom Attributes : Time (s): cpu = 00:00:07 ; elapsed = 00:00:07 . Memory (MB): peak = 1000.059 ; gain = 0.000
---------------------------------------------------------------------------------
---------------------------------------------------------------------------------
Finished RTL Optimization Phase 1 : Time (s): cpu = 00:00:07 ; elapsed = 00:00:07 . Memory (MB): peak = 1000.059 ; gain = 0.000
---------------------------------------------------------------------------------
Netlist sorting complete. Time (s): cpu = 00:00:00 ; elapsed = 00:00:00.047 . Memory (MB): peak = 1000.059 ; gain = 0.000
INFO: [Project 1-570] Preparing netlist for logic optimization

Processing XDC Constraints
Initializing timing engine
Parsing XDC File [C:/Users/240654/Documents/h/morse-coder-decoder/proj/morse_final.srcs/constrs_1/new/nexys-a7-50t.xdc]
Finished Parsing XDC File [C:/Users/240654/Documents/h/morse-coder-decoder/proj/morse_final.srcs/constrs_1/new/nexys-a7-50t.xdc]
INFO: [Project 1-236] Implementation specific constraints were found while reading constraint file [C:/Users/240654/Documents/h/morse-coder-decoder/proj/morse_final.srcs/constrs_1/new/nexys-a7-50t.xdc]. These constraints will be ignored for synthesis but will be used in implementation. Impacted constraints are listed in the file [.Xil/top_propImpl.xdc].
Resolution: To avoid this warning, move constraints listed in [.Xil/top_propImpl.xdc] to another XDC file and exclude this new file from synthesis with the used_in_synthesis property (File Properties dialog in GUI) and re-run elaboration/synthesis.
Completed Processing XDC Constraints

Netlist sorting complete. Time (s): cpu = 00:00:00 ; elapsed = 00:00:00 . Memory (MB): peak = 1016.219 ; gain = 0.000
INFO: [Project 1-111] Unisim Transformation Summary:
No Unisim elements were transformed.

Constraint Validation Runtime : Time (s): cpu = 00:00:00 ; elapsed = 00:00:00.009 . Memory (MB): peak = 1016.219 ; gain = 0.000
---------------------------------------------------------------------------------
Finished Constraint Validation : Time (s): cpu = 00:00:13 ; elapsed = 00:00:13 . Memory (MB): peak = 1016.219 ; gain = 16.160
---------------------------------------------------------------------------------
---------------------------------------------------------------------------------
Start Loading Part and Timing Information
---------------------------------------------------------------------------------
Loading part: xc7a50ticsg324-1L
---------------------------------------------------------------------------------
Finished Loading Part and Timing Information : Time (s): cpu = 00:00:13 ; elapsed = 00:00:13 . Memory (MB): peak = 1016.219 ; gain = 16.160
---------------------------------------------------------------------------------
---------------------------------------------------------------------------------
Start Applying 'set_property' XDC Constraints
---------------------------------------------------------------------------------
---------------------------------------------------------------------------------
Finished applying 'set_property' XDC Constraints : Time (s): cpu = 00:00:13 ; elapsed = 00:00:13 . Memory (MB): peak = 1016.219 ; gain = 16.160
---------------------------------------------------------------------------------
---------------------------------------------------------------------------------
Finished RTL Optimization Phase 2 : Time (s): cpu = 00:00:15 ; elapsed = 00:00:15 . Memory (MB): peak = 1016.219 ; gain = 16.160
---------------------------------------------------------------------------------
---------------------------------------------------------------------------------
Start RTL Component Statistics 
---------------------------------------------------------------------------------
Detailed RTL Component Info : 
+---Adders : 
	   2 Input   32 Bit       Adders := 1     
	   2 Input   31 Bit       Adders := 1     
	   2 Input    6 Bit       Adders := 1     
	   2 Input    5 Bit       Adders := 2     
	   2 Input    4 Bit       Adders := 2     
	   2 Input    3 Bit       Adders := 2     
	   2 Input    1 Bit       Adders := 1     
+---Registers : 
	               32 Bit    Registers := 1     
	               31 Bit    Registers := 1     
	               21 Bit    Registers := 14    
	                8 Bit    Registers := 1     
	                5 Bit    Registers := 2     
	                4 Bit    Registers := 1     
	                3 Bit    Registers := 1     
	                1 Bit    Registers := 11    
+---Muxes : 
	   2 Input   32 Bit        Muxes := 1     
	   2 Input   31 Bit        Muxes := 1     
	   2 Input   21 Bit        Muxes := 20    
	   3 Input   21 Bit        Muxes := 5     
	   8 Input    8 Bit        Muxes := 1     
	  39 Input    7 Bit        Muxes := 1     
	   2 Input    5 Bit        Muxes := 26    
	  10 Input    5 Bit        Muxes := 1     
	  20 Input    5 Bit        Muxes := 1     
	  21 Input    5 Bit        Muxes := 8     
	   6 Input    4 Bit        Muxes := 1     
	   2 Input    4 Bit        Muxes := 4     
	   2 Input    3 Bit        Muxes := 1     
	   3 Input    2 Bit        Muxes := 1     
	   2 Input    2 Bit        Muxes := 1     
	   2 Input    1 Bit        Muxes := 76    
	  12 Input    1 Bit        Muxes := 1     
	  21 Input    1 Bit        Muxes := 8     
	   8 Input    1 Bit        Muxes := 4     
---------------------------------------------------------------------------------
Finished RTL Component Statistics 
---------------------------------------------------------------------------------
---------------------------------------------------------------------------------
Start Part Resource Summary
---------------------------------------------------------------------------------
Part Resources:
DSPs: 120 (col length:60)
BRAMs: 150 (col length: RAMB18 60 RAMB36 30)
---------------------------------------------------------------------------------
Finished Part Resource Summary
---------------------------------------------------------------------------------
---------------------------------------------------------------------------------
Start Cross Boundary and Area Optimization
---------------------------------------------------------------------------------
---------------------------------------------------------------------------------
Finished Cross Boundary and Area Optimization : Time (s): cpu = 00:00:24 ; elapsed = 00:00:24 . Memory (MB): peak = 1016.219 ; gain = 16.160
---------------------------------------------------------------------------------
---------------------------------------------------------------------------------
Start Applying XDC Timing Constraints
---------------------------------------------------------------------------------
---------------------------------------------------------------------------------
Finished Applying XDC Timing Constraints : Time (s): cpu = 00:00:29 ; elapsed = 00:00:29 . Memory (MB): peak = 1016.219 ; gain = 16.160
---------------------------------------------------------------------------------
---------------------------------------------------------------------------------
Start Timing Optimization
---------------------------------------------------------------------------------

*** Running vivado
    with args -log top.vds -m64 -product Vivado -mode batch -messageDb vivado.pb -notrace -source top.tcl



****** Vivado v2020.2 (64-bit)
  **** SW Build 3064766 on Wed Nov 18 09:12:45 MST 2020
  **** IP Build 3064653 on Wed Nov 18 14:17:31 MST 2020
    ** Copyright 1986-2020 Xilinx, Inc. All Rights Reserved.

source top.tcl -notrace
Command: synth_design -top top -part xc7a50ticsg324-1L
Starting synth_design
Attempting to get a license for feature 'Synthesis' and/or device 'xc7a50ti'
INFO: [Common 17-349] Got license for feature 'Synthesis' and/or device 'xc7a50ti'
INFO: [Device 21-403] Loading part xc7a50ticsg324-1L
INFO: [Synth 8-7079] Multithreading enabled for synth_design using a maximum of 2 processes.
INFO: [Synth 8-7078] Launching helper process for spawning children vivado processes
INFO: [Synth 8-7075] Helper process launched with PID 12340
---------------------------------------------------------------------------------
Starting RTL Elaboration : Time (s): cpu = 00:00:04 ; elapsed = 00:00:04 . Memory (MB): peak = 1000.934 ; gain = 0.000
---------------------------------------------------------------------------------
INFO: [Synth 8-638] synthesizing module 'top' [C:/Users/240654/Documents/h/morse-coder-decoder/proj/top.vhd:46]
INFO: [Synth 8-638] synthesizing module 'clock_divider' [C:/Users/240654/Documents/h/morse-coder-decoder/proj/clock_divider.vhd:41]
	Parameter g_length bound to: 500000 - type: integer 
INFO: [Synth 8-256] done synthesizing module 'clock_divider' (1#1) [C:/Users/240654/Documents/h/morse-coder-decoder/proj/clock_divider.vhd:41]
INFO: [Synth 8-638] synthesizing module 'debouncer' [C:/Users/240654/Documents/h/morse-coder-decoder/proj/debouncer.vhd:17]
	Parameter g_debounce bound to: 300000 - type: integer 
INFO: [Synth 8-256] done synthesizing module 'debouncer' (2#1) [C:/Users/240654/Documents/h/morse-coder-decoder/proj/debouncer.vhd:17]
INFO: [Synth 8-638] synthesizing module 'shifter' [C:/Users/240654/Documents/h/morse-coder-decoder/proj/shifter.vhd:15]
INFO: [Synth 8-256] done synthesizing module 'shifter' (3#1) [C:/Users/240654/Documents/h/morse-coder-decoder/proj/shifter.vhd:15]
INFO: [Synth 8-638] synthesizing module 'button_driver' [C:/Users/240654/Documents/h/morse-coder-decoder/proj/button_driver.vhd:19]
INFO: [Synth 8-256] done synthesizing module 'button_driver' (4#1) [C:/Users/240654/Documents/h/morse-coder-decoder/proj/button_driver.vhd:19]
INFO: [Synth 8-638] synthesizing module 'mux_21bit_2to1' [C:/Users/240654/Documents/h/morse-coder-decoder/proj/mux_21bit_2to1.vhd:42]
INFO: [Synth 8-256] done synthesizing module 'mux_21bit_2to1' (5#1) [C:/Users/240654/Documents/h/morse-coder-decoder/proj/mux_21bit_2to1.vhd:42]
INFO: [Synth 8-638] synthesizing module 'mux_driver' [C:/Users/240654/Documents/h/morse-coder-decoder/proj/mux_driver.vhd:21]
INFO: [Synth 8-256] done synthesizing module 'mux_driver' (6#1) [C:/Users/240654/Documents/h/morse-coder-decoder/proj/mux_driver.vhd:21]
INFO: [Synth 8-638] synthesizing module 'driver_7seg_8digits' [C:/Users/240654/Documents/h/morse-coder-decoder/proj/driver_7seg_8digits.vhd:45]
	Parameter g_max bound to: 200000 - type: integer 
INFO: [Synth 8-638] synthesizing module 'clock_enable' [C:/Users/240654/Documents/h/morse-coder-decoder/proj/clock_enable.vhd:27]
	Parameter g_max bound to: 200000 - type: integer 
INFO: [Synth 8-256] done synthesizing module 'clock_enable' (7#1) [C:/Users/240654/Documents/h/morse-coder-decoder/proj/clock_enable.vhd:27]
INFO: [Synth 8-638] synthesizing module 'cnt_up_down' [C:/Users/240654/Documents/h/morse-coder-decoder/proj/cnt_up_down.vhd:27]
	Parameter g_cnt_width bound to: 3 - type: integer 
INFO: [Synth 8-256] done synthesizing module 'cnt_up_down' (8#1) [C:/Users/240654/Documents/h/morse-coder-decoder/proj/cnt_up_down.vhd:27]
INFO: [Synth 8-638] synthesizing module 'hex_7seg' [C:/Users/240654/Documents/h/morse-coder-decoder/proj/seg_driver_hex.vhd:40]
INFO: [Synth 8-256] done synthesizing module 'hex_7seg' (9#1) [C:/Users/240654/Documents/h/morse-coder-decoder/proj/seg_driver_hex.vhd:40]
INFO: [Synth 8-256] done synthesizing module 'driver_7seg_8digits' (10#1) [C:/Users/240654/Documents/h/morse-coder-decoder/proj/driver_7seg_8digits.vhd:45]
INFO: [Synth 8-638] synthesizing module 'signal_sender' [C:/Users/240654/Documents/h/morse-coder-decoder/proj/signal_sender.vhd:25]
INFO: [Synth 8-256] done synthesizing module 'signal_sender' (11#1) [C:/Users/240654/Documents/h/morse-coder-decoder/proj/signal_sender.vhd:25]
INFO: [Synth 8-256] done synthesizing module 'top' (12#1) [C:/Users/240654/Documents/h/morse-coder-decoder/proj/top.vhd:46]
---------------------------------------------------------------------------------
Finished RTL Elaboration : Time (s): cpu = 00:00:06 ; elapsed = 00:00:06 . Memory (MB): peak = 1000.934 ; gain = 0.000
---------------------------------------------------------------------------------
---------------------------------------------------------------------------------
Start Handling Custom Attributes
---------------------------------------------------------------------------------
---------------------------------------------------------------------------------
Finished Handling Custom Attributes : Time (s): cpu = 00:00:07 ; elapsed = 00:00:07 . Memory (MB): peak = 1000.934 ; gain = 0.000
---------------------------------------------------------------------------------
---------------------------------------------------------------------------------
Finished RTL Optimization Phase 1 : Time (s): cpu = 00:00:07 ; elapsed = 00:00:07 . Memory (MB): peak = 1000.934 ; gain = 0.000
---------------------------------------------------------------------------------
Netlist sorting complete. Time (s): cpu = 00:00:00 ; elapsed = 00:00:00.037 . Memory (MB): peak = 1000.934 ; gain = 0.000
INFO: [Project 1-570] Preparing netlist for logic optimization

Processing XDC Constraints
Initializing timing engine
Parsing XDC File [C:/Users/240654/Documents/h/morse-coder-decoder/proj/morse_final.srcs/constrs_1/new/nexys-a7-50t.xdc]
Finished Parsing XDC File [C:/Users/240654/Documents/h/morse-coder-decoder/proj/morse_final.srcs/constrs_1/new/nexys-a7-50t.xdc]
INFO: [Project 1-236] Implementation specific constraints were found while reading constraint file [C:/Users/240654/Documents/h/morse-coder-decoder/proj/morse_final.srcs/constrs_1/new/nexys-a7-50t.xdc]. These constraints will be ignored for synthesis but will be used in implementation. Impacted constraints are listed in the file [.Xil/top_propImpl.xdc].
Resolution: To avoid this warning, move constraints listed in [.Xil/top_propImpl.xdc] to another XDC file and exclude this new file from synthesis with the used_in_synthesis property (File Properties dialog in GUI) and re-run elaboration/synthesis.
Completed Processing XDC Constraints

Netlist sorting complete. Time (s): cpu = 00:00:00 ; elapsed = 00:00:00.001 . Memory (MB): peak = 1015.426 ; gain = 0.000
INFO: [Project 1-111] Unisim Transformation Summary:
No Unisim elements were transformed.

Constraint Validation Runtime : Time (s): cpu = 00:00:00 ; elapsed = 00:00:00.008 . Memory (MB): peak = 1015.426 ; gain = 0.000
---------------------------------------------------------------------------------
Finished Constraint Validation : Time (s): cpu = 00:00:13 ; elapsed = 00:00:13 . Memory (MB): peak = 1015.426 ; gain = 14.492
---------------------------------------------------------------------------------
---------------------------------------------------------------------------------
Start Loading Part and Timing Information
---------------------------------------------------------------------------------
Loading part: xc7a50ticsg324-1L
---------------------------------------------------------------------------------
Finished Loading Part and Timing Information : Time (s): cpu = 00:00:13 ; elapsed = 00:00:13 . Memory (MB): peak = 1015.426 ; gain = 14.492
---------------------------------------------------------------------------------
---------------------------------------------------------------------------------
Start Applying 'set_property' XDC Constraints
---------------------------------------------------------------------------------
---------------------------------------------------------------------------------
Finished applying 'set_property' XDC Constraints : Time (s): cpu = 00:00:13 ; elapsed = 00:00:13 . Memory (MB): peak = 1015.426 ; gain = 14.492
---------------------------------------------------------------------------------
