
*** Running vivado
    with args -log top.vds -m64 -product Vivado -mode batch -messageDb vivado.pb -notrace -source top.tcl



****** Vivado v2020.2 (64-bit)
  **** SW Build 3064766 on Wed Nov 18 09:12:45 MST 2020
  **** IP Build 3064653 on Wed Nov 18 14:17:31 MST 2020
    ** Copyright 1986-2020 Xilinx, Inc. All Rights Reserved.

source top.tcl -notrace
Command: synth_design -top top -part xc7a50ticsg324-1L
Starting synth_design
Attempting to get a license for feature 'Synthesis' and/or device 'xc7a50ti'
INFO: [Common 17-349] Got license for feature 'Synthesis' and/or device 'xc7a50ti'
INFO: [Device 21-403] Loading part xc7a50ticsg324-1L
INFO: [Synth 8-7079] Multithreading enabled for synth_design using a maximum of 2 processes.
INFO: [Synth 8-7078] Launching helper process for spawning children vivado processes
INFO: [Synth 8-7075] Helper process launched with PID 9360
---------------------------------------------------------------------------------
Starting RTL Elaboration : Time (s): cpu = 00:00:04 ; elapsed = 00:00:05 . Memory (MB): peak = 1002.727 ; gain = 0.000
---------------------------------------------------------------------------------
INFO: [Synth 8-638] synthesizing module 'top' [D:/morse/morse.srcs/sources_1/new/top.vhd:46]
INFO: [Synth 8-638] synthesizing module 'clock_divider' [D:/morse/morse.srcs/sources_1/new/clock_divider.vhd:41]
	Parameter g_LENGTH bound to: 500 - type: integer 
INFO: [Synth 8-256] done synthesizing module 'clock_divider' (1#1) [D:/morse/morse.srcs/sources_1/new/clock_divider.vhd:41]
INFO: [Synth 8-638] synthesizing module 'debouncer' [D:/morse/morse.srcs/sources_1/new/debouncer.vhd:15]
WARNING: [Synth 8-614] signal 'rst' is read in the process but is not in the sensitivity list [D:/morse/morse.srcs/sources_1/new/debouncer.vhd:19]
INFO: [Synth 8-256] done synthesizing module 'debouncer' (2#1) [D:/morse/morse.srcs/sources_1/new/debouncer.vhd:15]
INFO: [Synth 8-638] synthesizing module 'shifter' [D:/morse/morse.srcs/sources_1/new/shifter.vhd:16]
WARNING: [Synth 8-614] signal 'SW' is read in the process but is not in the sensitivity list [D:/morse/morse.srcs/sources_1/new/shifter.vhd:21]
WARNING: [Synth 8-614] signal 'rst' is read in the process but is not in the sensitivity list [D:/morse/morse.srcs/sources_1/new/shifter.vhd:21]
INFO: [Synth 8-256] done synthesizing module 'shifter' (3#1) [D:/morse/morse.srcs/sources_1/new/shifter.vhd:16]
INFO: [Synth 8-638] synthesizing module 'button_driver' [D:/morse/morse.srcs/sources_1/new/button_driver.vhd:20]
WARNING: [Synth 8-614] signal 'SW' is read in the process but is not in the sensitivity list [D:/morse/morse.srcs/sources_1/new/button_driver.vhd:25]
WARNING: [Synth 8-614] signal 'rst' is read in the process but is not in the sensitivity list [D:/morse/morse.srcs/sources_1/new/button_driver.vhd:25]
INFO: [Synth 8-256] done synthesizing module 'button_driver' (4#1) [D:/morse/morse.srcs/sources_1/new/button_driver.vhd:20]
INFO: [Synth 8-638] synthesizing module 'mux_21bit_2to1' [D:/morse/morse.srcs/sources_1/new/mux_21bit_2to1.vhd:43]
INFO: [Synth 8-256] done synthesizing module 'mux_21bit_2to1' (5#1) [D:/morse/morse.srcs/sources_1/new/mux_21bit_2to1.vhd:43]
INFO: [Synth 8-638] synthesizing module 'mux_driver' [D:/morse/morse.srcs/sources_1/new/mux_driver.vhd:22]
WARNING: [Synth 8-614] signal 'rst' is read in the process but is not in the sensitivity list [D:/morse/morse.srcs/sources_1/new/mux_driver.vhd:33]
INFO: [Synth 8-256] done synthesizing module 'mux_driver' (6#1) [D:/morse/morse.srcs/sources_1/new/mux_driver.vhd:22]
INFO: [Synth 8-638] synthesizing module 'driver_7seg_8digits' [D:/morse/morse.srcs/sources_1/new/driver_7seg_8digits.vhd:42]
INFO: [Synth 8-638] synthesizing module 'clock_enable' [D:/morse/morse.srcs/sources_1/new/clock_enable.vhd:26]
	Parameter g_MAX bound to: 200000 - type: integer 
INFO: [Synth 8-256] done synthesizing module 'clock_enable' (7#1) [D:/morse/morse.srcs/sources_1/new/clock_enable.vhd:26]
INFO: [Synth 8-638] synthesizing module 'cnt_up_down' [D:/morse/morse.srcs/sources_1/new/cnt_up_down.vhd:27]
	Parameter g_CNT_WIDTH bound to: 3 - type: integer 
INFO: [Synth 8-256] done synthesizing module 'cnt_up_down' (8#1) [D:/morse/morse.srcs/sources_1/new/cnt_up_down.vhd:27]
INFO: [Synth 8-638] synthesizing module 'hex_7seg' [D:/morse/morse.srcs/sources_1/new/seg_driver_hex.vhd:40]
INFO: [Synth 8-256] done synthesizing module 'hex_7seg' (9#1) [D:/morse/morse.srcs/sources_1/new/seg_driver_hex.vhd:40]
INFO: [Synth 8-256] done synthesizing module 'driver_7seg_8digits' (10#1) [D:/morse/morse.srcs/sources_1/new/driver_7seg_8digits.vhd:42]
INFO: [Synth 8-638] synthesizing module 'signal_sender' [D:/morse/morse.srcs/sources_1/new/signal_sender.vhd:26]
WARNING: [Synth 8-614] signal 'rst' is read in the process but is not in the sensitivity list [D:/morse/morse.srcs/sources_1/new/signal_sender.vhd:32]
INFO: [Synth 8-256] done synthesizing module 'signal_sender' (11#1) [D:/morse/morse.srcs/sources_1/new/signal_sender.vhd:26]
INFO: [Synth 8-256] done synthesizing module 'top' (12#1) [D:/morse/morse.srcs/sources_1/new/top.vhd:46]
---------------------------------------------------------------------------------
Finished RTL Elaboration : Time (s): cpu = 00:00:05 ; elapsed = 00:00:06 . Memory (MB): peak = 1002.727 ; gain = 0.000
---------------------------------------------------------------------------------
---------------------------------------------------------------------------------
Start Handling Custom Attributes
---------------------------------------------------------------------------------
---------------------------------------------------------------------------------
Finished Handling Custom Attributes : Time (s): cpu = 00:00:05 ; elapsed = 00:00:07 . Memory (MB): peak = 1002.727 ; gain = 0.000
---------------------------------------------------------------------------------
---------------------------------------------------------------------------------
Finished RTL Optimization Phase 1 : Time (s): cpu = 00:00:05 ; elapsed = 00:00:07 . Memory (MB): peak = 1002.727 ; gain = 0.000
---------------------------------------------------------------------------------
Netlist sorting complete. Time (s): cpu = 00:00:00 ; elapsed = 00:00:00.030 . Memory (MB): peak = 1002.727 ; gain = 0.000
INFO: [Project 1-570] Preparing netlist for logic optimization

Processing XDC Constraints
Initializing timing engine
Parsing XDC File [D:/morse/morse.srcs/constrs_1/new/nexys-a7-50t.xdc]
CRITICAL WARNING: [Common 17-1548] Command failed: extra characters after close-brace
 [D:/morse/morse.srcs/constrs_1/new/nexys-a7-50t.xdc:1]
CRITICAL WARNING: [Designutils 20-970] Unrecognized or unsupported command '{\rtf1\ansi\ansicpg1251\cocoartf2709
\cocoatextscaling0\cocoaplatform0{\fonttbl\f0\fmodern\fcharset0 Courier;}
{\colortbl;\red255\green255\blue255;\red0\green0\blue0;}
{\*\expandedcolortbl;;\cssrgb\c0 ... (truncated) ' found in constraint file. [D:/morse/morse.srcs/constrs_1/new/nexys-a7-50t.xdc:1]
Finished Parsing XDC File [D:/morse/morse.srcs/constrs_1/new/nexys-a7-50t.xdc]
Completed Processing XDC Constraints

Netlist sorting complete. Time (s): cpu = 00:00:00 ; elapsed = 00:00:00.001 . Memory (MB): peak = 1036.758 ; gain = 0.000
INFO: [Project 1-111] Unisim Transformation Summary:
No Unisim elements were transformed.

Constraint Validation Runtime : Time (s): cpu = 00:00:00 ; elapsed = 00:00:00.009 . Memory (MB): peak = 1036.758 ; gain = 0.000
---------------------------------------------------------------------------------
Finished Constraint Validation : Time (s): cpu = 00:00:10 ; elapsed = 00:00:13 . Memory (MB): peak = 1036.758 ; gain = 34.031
---------------------------------------------------------------------------------
---------------------------------------------------------------------------------
Start Loading Part and Timing Information
---------------------------------------------------------------------------------
Loading part: xc7a50ticsg324-1L
---------------------------------------------------------------------------------
Finished Loading Part and Timing Information : Time (s): cpu = 00:00:10 ; elapsed = 00:00:13 . Memory (MB): peak = 1036.758 ; gain = 34.031
---------------------------------------------------------------------------------
---------------------------------------------------------------------------------
Start Applying 'set_property' XDC Constraints
---------------------------------------------------------------------------------
---------------------------------------------------------------------------------
Finished applying 'set_property' XDC Constraints : Time (s): cpu = 00:00:10 ; elapsed = 00:00:13 . Memory (MB): peak = 1036.758 ; gain = 34.031
---------------------------------------------------------------------------------
---------------------------------------------------------------------------------
Finished RTL Optimization Phase 2 : Time (s): cpu = 00:00:12 ; elapsed = 00:00:15 . Memory (MB): peak = 1036.758 ; gain = 34.031
---------------------------------------------------------------------------------
---------------------------------------------------------------------------------
Start RTL Component Statistics 
---------------------------------------------------------------------------------
Detailed RTL Component Info : 
+---Adders : 
	   2 Input   32 Bit       Adders := 1     
	   2 Input   31 Bit       Adders := 1     
	   2 Input    6 Bit       Adders := 1     
	   2 Input    5 Bit       Adders := 2     
	   2 Input    4 Bit       Adders := 2     
	   2 Input    3 Bit       Adders := 2     
	   2 Input    1 Bit       Adders := 1     
+---Registers : 
	               32 Bit    Registers := 1     
	               31 Bit    Registers := 1     
	               21 Bit    Registers := 14    
	                8 Bit    Registers := 1     
	                5 Bit    Registers := 2     
	                4 Bit    Registers := 1     
	                3 Bit    Registers := 1     
	                1 Bit    Registers := 11    
+---Muxes : 
	   2 Input   32 Bit        Muxes := 3     
	   2 Input   31 Bit        Muxes := 1     
	   2 Input   21 Bit        Muxes := 7     
	   3 Input   21 Bit        Muxes := 1     
	   8 Input    8 Bit        Muxes := 1     
	  39 Input    7 Bit        Muxes := 1     
	   3 Input    5 Bit        Muxes := 2     
	   2 Input    5 Bit        Muxes := 153   
	  21 Input    5 Bit        Muxes := 1     
	   3 Input    4 Bit        Muxes := 2     
	   2 Input    4 Bit        Muxes := 2     
	   2 Input    3 Bit        Muxes := 1     
	   3 Input    2 Bit        Muxes := 1     
	   2 Input    2 Bit        Muxes := 1     
	   2 Input    1 Bit        Muxes := 379   
	   4 Input    1 Bit        Muxes := 1     
	   3 Input    1 Bit        Muxes := 2     
	  10 Input    1 Bit        Muxes := 2     
	   8 Input    1 Bit        Muxes := 1     
	   9 Input    1 Bit        Muxes := 1     
---------------------------------------------------------------------------------
Finished RTL Component Statistics 
---------------------------------------------------------------------------------
---------------------------------------------------------------------------------
Start Part Resource Summary
---------------------------------------------------------------------------------
Part Resources:
DSPs: 120 (col length:60)
BRAMs: 150 (col length: RAMB18 60 RAMB36 30)
---------------------------------------------------------------------------------
Finished Part Resource Summary
---------------------------------------------------------------------------------
---------------------------------------------------------------------------------
Start Cross Boundary and Area Optimization
---------------------------------------------------------------------------------
---------------------------------------------------------------------------------
Finished Cross Boundary and Area Optimization : Time (s): cpu = 00:00:18 ; elapsed = 00:00:22 . Memory (MB): peak = 1036.758 ; gain = 34.031
---------------------------------------------------------------------------------
---------------------------------------------------------------------------------
Start Applying XDC Timing Constraints
---------------------------------------------------------------------------------
---------------------------------------------------------------------------------
Finished Applying XDC Timing Constraints : Time (s): cpu = 00:00:23 ; elapsed = 00:00:29 . Memory (MB): peak = 1036.758 ; gain = 34.031
---------------------------------------------------------------------------------
---------------------------------------------------------------------------------
Start Timing Optimization
---------------------------------------------------------------------------------
---------------------------------------------------------------------------------
Finished Timing Optimization : Time (s): cpu = 00:00:23 ; elapsed = 00:00:29 . Memory (MB): peak = 1036.758 ; gain = 34.031
---------------------------------------------------------------------------------
---------------------------------------------------------------------------------
Start Technology Mapping
---------------------------------------------------------------------------------
---------------------------------------------------------------------------------
Finished Technology Mapping : Time (s): cpu = 00:00:23 ; elapsed = 00:00:29 . Memory (MB): peak = 1036.758 ; gain = 34.031
---------------------------------------------------------------------------------
---------------------------------------------------------------------------------
Start IO Insertion
---------------------------------------------------------------------------------
---------------------------------------------------------------------------------
Start Flattening Before IO Insertion
---------------------------------------------------------------------------------
---------------------------------------------------------------------------------
Finished Flattening Before IO Insertion
---------------------------------------------------------------------------------
---------------------------------------------------------------------------------
Start Final Netlist Cleanup
---------------------------------------------------------------------------------
---------------------------------------------------------------------------------
Finished Final Netlist Cleanup
---------------------------------------------------------------------------------
---------------------------------------------------------------------------------
Finished IO Insertion : Time (s): cpu = 00:00:26 ; elapsed = 00:00:33 . Memory (MB): peak = 1036.758 ; gain = 34.031
---------------------------------------------------------------------------------
---------------------------------------------------------------------------------
Start Renaming Generated Instances
---------------------------------------------------------------------------------
---------------------------------------------------------------------------------
Finished Renaming Generated Instances : Time (s): cpu = 00:00:26 ; elapsed = 00:00:33 . Memory (MB): peak = 1036.758 ; gain = 34.031
---------------------------------------------------------------------------------
---------------------------------------------------------------------------------
Start Rebuilding User Hierarchy
---------------------------------------------------------------------------------
---------------------------------------------------------------------------------
Finished Rebuilding User Hierarchy : Time (s): cpu = 00:00:26 ; elapsed = 00:00:33 . Memory (MB): peak = 1036.758 ; gain = 34.031
---------------------------------------------------------------------------------
---------------------------------------------------------------------------------
Start Renaming Generated Ports
---------------------------------------------------------------------------------
---------------------------------------------------------------------------------
Finished Renaming Generated Ports : Time (s): cpu = 00:00:26 ; elapsed = 00:00:33 . Memory (MB): peak = 1036.758 ; gain = 34.031
---------------------------------------------------------------------------------
---------------------------------------------------------------------------------
Start Handling Custom Attributes
---------------------------------------------------------------------------------
---------------------------------------------------------------------------------
Finished Handling Custom Attributes : Time (s): cpu = 00:00:26 ; elapsed = 00:00:33 . Memory (MB): peak = 1036.758 ; gain = 34.031
---------------------------------------------------------------------------------
---------------------------------------------------------------------------------
Start Renaming Generated Nets
---------------------------------------------------------------------------------
---------------------------------------------------------------------------------
Finished Renaming Generated Nets : Time (s): cpu = 00:00:26 ; elapsed = 00:00:33 . Memory (MB): peak = 1036.758 ; gain = 34.031
---------------------------------------------------------------------------------
---------------------------------------------------------------------------------
Start Writing Synthesis Report
---------------------------------------------------------------------------------

Report BlackBoxes: 
+-+--------------+----------+
| |BlackBox name |Instances |
+-+--------------+----------+
+-+--------------+----------+

Report Cell Usage: 
+------+-------+------+
|      |Cell   |Count |
+------+-------+------+
|1     |BUFG   |     2|
|2     |CARRY4 |    86|
|3     |LUT1   |     6|
|4     |LUT2   |   367|
|5     |LUT3   |    55|
|6     |LUT4   |   141|
|7     |LUT5   |   110|
|8     |LUT6   |   301|
|9     |MUXF7  |    10|
|10    |MUXF8  |     5|
|11    |FDCE   |   427|
|12    |FDPE   |     7|
|13    |FDRE   |   142|
|14    |FDSE   |     7|
|15    |IBUF   |     7|
|16    |OBUF   |    22|
+------+-------+------+
---------------------------------------------------------------------------------
Finished Writing Synthesis Report : Time (s): cpu = 00:00:26 ; elapsed = 00:00:33 . Memory (MB): peak = 1036.758 ; gain = 34.031
---------------------------------------------------------------------------------
Synthesis finished with 0 errors, 0 critical warnings and 0 warnings.
Synthesis Optimization Runtime : Time (s): cpu = 00:00:19 ; elapsed = 00:00:31 . Memory (MB): peak = 1036.758 ; gain = 0.000
Synthesis Optimization Complete : Time (s): cpu = 00:00:26 ; elapsed = 00:00:33 . Memory (MB): peak = 1036.758 ; gain = 34.031
INFO: [Project 1-571] Translating synthesized netlist
Netlist sorting complete. Time (s): cpu = 00:00:00 ; elapsed = 00:00:00.022 . Memory (MB): peak = 1036.758 ; gain = 0.000
INFO: [Netlist 29-17] Analyzing 101 Unisim elements for replacement
INFO: [Netlist 29-28] Unisim Transformation completed in 0 CPU seconds
INFO: [Project 1-570] Preparing netlist for logic optimization
INFO: [Opt 31-138] Pushed 0 inverter(s) to 0 load pin(s).
Netlist sorting complete. Time (s): cpu = 00:00:00 ; elapsed = 00:00:00.001 . Memory (MB): peak = 1038.359 ; gain = 0.000
INFO: [Project 1-111] Unisim Transformation Summary:
No Unisim elements were transformed.

INFO: [Common 17-83] Releasing license: Synthesis
38 Infos, 7 Warnings, 2 Critical Warnings and 0 Errors encountered.
synth_design completed successfully
synth_design: Time (s): cpu = 00:00:33 ; elapsed = 00:00:40 . Memory (MB): peak = 1038.359 ; gain = 35.633
INFO: [runtcl-6] Synthesis results are not added to the cache due to CRITICAL_WARNING
INFO: [Common 17-1381] The checkpoint 'D:/morse/morse.runs/synth_1/top.dcp' has been generated.
INFO: [runtcl-4] Executing : report_utilization -file top_utilization_synth.rpt -pb top_utilization_synth.pb
INFO: [Common 17-206] Exiting Vivado at Sun Apr 16 18:06:17 2023...
