#-----------------------------------------------------------
# Vivado v2020.2 (64-bit)
# SW Build 3064766 on Wed Nov 18 09:12:45 MST 2020
# IP Build 3064653 on Wed Nov 18 14:17:31 MST 2020
# Start of session at: Sun Apr 16 18:10:23 2023
# Process ID: 7916
# Current directory: D:/morse
# Command line: vivado.exe -gui_launcher_event rodinguilauncherevent9648 D:\morse\morse.xpr
# Log file: D:/morse/vivado.log
# Journal file: D:/morse\vivado.jou
#-----------------------------------------------------------
start_gui
open_project D:/morse/morse.xpr
WARNING: [filemgmt 56-3] Default IP Output Path : Could not find the directory 'D:/morse/morse.gen/sources_1'.
Scanning sources...
Finished scanning sources
INFO: [IP_Flow 19-234] Refreshing IP repositories
INFO: [IP_Flow 19-1704] No user IP repositories specified
INFO: [IP_Flow 19-2313] Loaded Vivado IP repository 'D:/DE-1/VIVADO/Vivado/2020.2/data/ip'.
update_compile_order -fileset sources_1
reset_run synth_1
launch_runs impl_1 -to_step write_bitstream -jobs 6
[Sun Apr 16 18:22:45 2023] Launched synth_1...
Run output will be captured here: D:/morse/morse.runs/synth_1/runme.log
[Sun Apr 16 18:22:45 2023] Launched impl_1...
Run output will be captured here: D:/morse/morse.runs/impl_1/runme.log
reset_run synth_1
launch_runs impl_1 -to_step write_bitstream -jobs 6
[Sun Apr 16 18:30:09 2023] Launched synth_1...
Run output will be captured here: D:/morse/morse.runs/synth_1/runme.log
[Sun Apr 16 18:30:09 2023] Launched impl_1...
Run output will be captured here: D:/morse/morse.runs/impl_1/runme.log
reset_run synth_1
launch_runs impl_1 -to_step write_bitstream -jobs 6
[Sun Apr 16 18:32:59 2023] Launched synth_1...
Run output will be captured here: D:/morse/morse.runs/synth_1/runme.log
[Sun Apr 16 18:32:59 2023] Launched impl_1...
Run output will be captured here: D:/morse/morse.runs/impl_1/runme.log
reset_run synth_1
launch_runs impl_1 -to_step write_bitstream -jobs 6
[Sun Apr 16 18:44:20 2023] Launched synth_1...
Run output will be captured here: D:/morse/morse.runs/synth_1/runme.log
[Sun Apr 16 18:44:20 2023] Launched impl_1...
Run output will be captured here: D:/morse/morse.runs/impl_1/runme.log
